
  .   ____          _            __ _ _
 /\\ / ___'_ __ _ _(_)_ __  __ _ \ \ \ \
( ( )\___ | '_ | '_| | '_ \/ _` | \ \ \ \
 \\/  ___)| |_)| | | | | || (_| |  ) ) ) )
  '  |____| .__|_| |_|_| |_\__, | / / / /
 =========|_|==============|___/=/_/_/_/
 :: Spring Boot ::                (v2.6.3)

2022-01-26 17:46:07.163  INFO 17932 --- [           main] com.dipali.HelloWorldApplication         : Starting HelloWorldApplication vv1 using Java 11 on LIN51008282 with PID 17932 (C:\Users\DLALITPA\Desktop\GitWS\HelloWorld\target\HelloWorld-v1.jar started by dlalitpa in C:\Users\DLALITPA\Desktop\GitWS\HelloWorld)
2022-01-26 17:46:07.168  INFO 17932 --- [           main] com.dipali.HelloWorldApplication         : No active profile set, falling back to default profiles: default
2022-01-26 17:46:09.258  INFO 17932 --- [           main] o.s.b.w.embedded.tomcat.TomcatWebServer  : Tomcat initialized with port(s): 8989 (http)
2022-01-26 17:46:09.279  INFO 17932 --- [           main] o.apache.catalina.core.StandardService   : Starting service [Tomcat]
2022-01-26 17:46:09.280  INFO 17932 --- [           main] org.apache.catalina.core.StandardEngine  : Starting Servlet engine: [Apache Tomcat/9.0.56]
2022-01-26 17:46:09.381  INFO 17932 --- [           main] o.a.c.c.C.[Tomcat].[localhost].[/]       : Initializing Spring embedded WebApplicationContext
2022-01-26 17:46:09.382  INFO 17932 --- [           main] w.s.c.ServletWebServerApplicationContext : Root WebApplicationContext: initialization completed in 2085 ms
2022-01-26 17:46:10.052  INFO 17932 --- [           main] o.s.b.w.embedded.tomcat.TomcatWebServer  : Tomcat started on port(s): 8989 (http) with context path ''
2022-01-26 17:46:10.071  INFO 17932 --- [           main] com.dipali.HelloWorldApplication         : Started HelloWorldApplication in 3.807 seconds (JVM running for 4.649)
2022-01-26 17:46:23.833  INFO 17932 --- [nio-8989-exec-1] o.a.c.c.C.[Tomcat].[localhost].[/]       : Initializing Spring DispatcherServlet 'dispatcherServlet'
2022-01-26 17:46:23.834  INFO 17932 --- [nio-8989-exec-1] o.s.web.servlet.DispatcherServlet        : Initializing Servlet 'dispatcherServlet'
2022-01-26 17:46:23.835  INFO 17932 --- [nio-8989-exec-1] o.s.web.servlet.DispatcherServlet        : Completed initialization in 1 ms
HELLO WORLD DIPALI!
HELLO WORLD DIPALI!
HELLO WORLD DIPALI!
